<?xml version="1.0" encoding="UTF-8"?>
<!-- Generated by org.testng.reporters.JUnitReportReporter -->
<testsuite hostname="DESKTOP-OJM2Q3F" failures="0" tests="5" name="com.qa.opencart.tests.LoginPageTest" time="3.293" errors="0" timestamp="2024-09-26T09:38:44 IST" skipped="0">
  <testcase classname="com.qa.opencart.tests.LoginPageTest" name="loginPageURLTest" time="0.251"/>
  <testcase classname="com.qa.opencart.tests.LoginPageTest" name="loginPageTitleTest" time="0.050"/>
  <testcase classname="com.qa.opencart.tests.LoginPageTest" name="logoExistTest" time="0.177"/>
  <testcase classname="com.qa.opencart.tests.LoginPageTest" name="forgotPwdLinkExistTest" time="0.381"/>
  <testcase classname="com.qa.opencart.tests.LoginPageTest" name="loginTest" time="2.434"/>
</testsuite> <!-- com.qa.opencart.tests.LoginPageTest -->
